<?xml version="1.0" encoding="UTF-8"?>
<testng-results ignored="0" total="1" passed="1" failed="0" skipped="0">
  <reporter-output>
  </reporter-output>
  <suite started-at="2024-11-01T14:54:40 ICT" name="Default suite" finished-at="2024-11-01T14:54:52 ICT" duration-ms="12112">
    <groups>
    </groups>
    <test started-at="2024-11-01T14:54:40 ICT" name="Default test" finished-at="2024-11-01T14:54:52 ICT" duration-ms="12112">
      <class name="Test.SignInTest">
        <test-method signature="start()[pri:0, instance:Test.SignInTest@39529185]" started-at="2024-11-01T14:54:40 ICT" name="start" finished-at="2024-11-01T14:54:52 ICT" duration-ms="12060" status="PASS">
          <reporter-output>
          </reporter-output>
        </test-method> <!-- start -->
      </class> <!-- Test.SignInTest -->
    </test> <!-- Default test -->
  </suite> <!-- Default suite -->
</testng-results>
